<?xml version="1.0" encoding="UTF-8"?>
<!-- Generated by org.testng.reporters.JUnitReportReporter -->
<testsuite skipped="0" hostname="BANSRIs-MBP.fios-router.home" name="com.geico.qa.DataDrivenTest.GeicoTest" tests="3" failures="0" timestamp="23 Jan 2018 12:53:25 GMT" time="15.399" errors="0">
  <testcase name="geicoRegTest" time="4.682" classname="com.geico.qa.DataDrivenTest.GeicoTest"/>
  <testcase name="geicoRegTest" time="5.587" classname="com.geico.qa.DataDrivenTest.GeicoTest"/>
  <testcase name="geicoRegTest" time="5.130" classname="com.geico.qa.DataDrivenTest.GeicoTest"/>
</testsuite> <!-- com.geico.qa.DataDrivenTest.GeicoTest -->
